0 info it worked if it ends with ok
1 verbose cli [ '/usr/local/Cellar/node/5.10.0/bin/node',
1 verbose cli   '/Users/paulleithart/.npm-packages/bin/npm',
1 verbose cli   'run',
1 verbose cli   'rev' ]
2 info using npm@3.8.6
3 info using node@v6.2.2
4 verbose stack Error: missing script: rev
4 verbose stack     at run (/Users/paulleithart/.npm-packages/lib/node_modules/npm/lib/run-script.js:147:19)
4 verbose stack     at /Users/paulleithart/.npm-packages/lib/node_modules/npm/lib/run-script.js:57:5
4 verbose stack     at /Users/paulleithart/.npm-packages/lib/node_modules/npm/node_modules/read-package-json/read-json.js:345:5
4 verbose stack     at checkBinReferences_ (/Users/paulleithart/.npm-packages/lib/node_modules/npm/node_modules/read-package-json/read-json.js:309:45)
4 verbose stack     at final (/Users/paulleithart/.npm-packages/lib/node_modules/npm/node_modules/read-package-json/read-json.js:343:3)
4 verbose stack     at then (/Users/paulleithart/.npm-packages/lib/node_modules/npm/node_modules/read-package-json/read-json.js:113:5)
4 verbose stack     at ReadFileContext.<anonymous> (/Users/paulleithart/.npm-packages/lib/node_modules/npm/node_modules/read-package-json/read-json.js:284:20)
4 verbose stack     at ReadFileContext.callback (/Users/paulleithart/.npm-packages/lib/node_modules/npm/node_modules/graceful-fs/graceful-fs.js:78:16)
4 verbose stack     at FSReqWrap.readFileAfterOpen [as oncomplete] (fs.js:359:13)
5 verbose cwd /Users/paulleithart/Desktop/beepi-cars
6 error Darwin 15.5.0
7 error argv "/usr/local/Cellar/node/5.10.0/bin/node" "/Users/paulleithart/.npm-packages/bin/npm" "run" "rev"
8 error node v6.2.2
9 error npm  v3.8.6
10 error missing script: rev
11 error If you need help, you may report this error at:
11 error     <https://github.com/npm/npm/issues>
12 verbose exit [ 1, true ]
